{"level":"info","message":"🚀 Server is running on port 3001","service":"real-estate-backend","timestamp":"2025-07-29 23:30:01"}
{"level":"info","message":"📊 Environment: production","service":"real-estate-backend","timestamp":"2025-07-29 23:30:01"}
{"level":"info","message":"🔗 Health check: http://localhost:3001/health","service":"real-estate-backend","timestamp":"2025-07-29 23:30:01"}
{"level":"info","message":"🌐 API Base URL: http://localhost:3001/api","service":"real-estate-backend","timestamp":"2025-07-29 23:30:01"}
{"level":"info","message":"Keep-alive ping to prevent Azure App Service from killing the process","service":"real-estate-backend","timestamp":"2025-07-29 23:30:31"}
{"level":"info","message":"Keep-alive ping to prevent Azure App Service from killing the process","service":"real-estate-backend","timestamp":"2025-07-29 23:31:01"}
{"level":"info","message":"Keep-alive ping to prevent Azure App Service from killing the process","service":"real-estate-backend","timestamp":"2025-07-29 23:31:31"}
{"level":"info","message":"Keep-alive ping to prevent Azure App Service from killing the process","service":"real-estate-backend","timestamp":"2025-07-29 23:32:01"}
{"level":"info","message":"Keep-alive ping to prevent Azure App Service from killing the process","service":"real-estate-backend","timestamp":"2025-07-29 23:32:31"}
{"level":"info","message":"Keep-alive ping to prevent Azure App Service from killing the process","service":"real-estate-backend","timestamp":"2025-07-29 23:33:01"}
{"level":"info","message":"Keep-alive ping to prevent Azure App Service from killing the process","service":"real-estate-backend","timestamp":"2025-07-29 23:33:31"}
{"level":"info","message":"Keep-alive ping to prevent Azure App Service from killing the process","service":"real-estate-backend","timestamp":"2025-07-29 23:34:01"}
{"level":"info","message":"Keep-alive ping to prevent Azure App Service from killing the process","service":"real-estate-backend","timestamp":"2025-07-29 23:34:31"}
{"level":"info","message":"Keep-alive ping to prevent Azure App Service from killing the process","service":"real-estate-backend","timestamp":"2025-07-29 23:35:01"}
{"level":"info","message":"Keep-alive ping to prevent Azure App Service from killing the process","service":"real-estate-backend","timestamp":"2025-07-29 23:35:31"}
{"level":"info","message":"Keep-alive ping to prevent Azure App Service from killing the process","service":"real-estate-backend","timestamp":"2025-07-29 23:36:01"}
{"level":"info","message":"Keep-alive ping to prevent Azure App Service from killing the process","service":"real-estate-backend","timestamp":"2025-07-29 23:36:31"}
{"level":"info","message":"Keep-alive ping to prevent Azure App Service from killing the process","service":"real-estate-backend","timestamp":"2025-07-29 23:37:01"}
{"level":"info","message":"Keep-alive ping to prevent Azure App Service from killing the process","service":"real-estate-backend","timestamp":"2025-07-29 23:37:31"}
{"level":"info","message":"Keep-alive ping to prevent Azure App Service from killing the process","service":"real-estate-backend","timestamp":"2025-07-29 23:38:01"}
{"level":"info","message":"Keep-alive ping to prevent Azure App Service from killing the process","service":"real-estate-backend","timestamp":"2025-07-29 23:38:31"}
{"level":"info","message":"Keep-alive ping to prevent Azure App Service from killing the process","service":"real-estate-backend","timestamp":"2025-07-29 23:39:01"}
{"level":"info","message":"Keep-alive ping to prevent Azure App Service from killing the process","service":"real-estate-backend","timestamp":"2025-07-29 23:39:31"}
{"level":"info","message":"Keep-alive ping to prevent Azure App Service from killing the process","service":"real-estate-backend","timestamp":"2025-07-29 23:40:01"}
{"level":"info","message":"Keep-alive ping to prevent Azure App Service from killing the process","service":"real-estate-backend","timestamp":"2025-07-29 23:40:31"}
{"level":"info","message":"Keep-alive ping to prevent Azure App Service from killing the process","service":"real-estate-backend","timestamp":"2025-07-29 23:41:01"}
{"level":"info","message":"Keep-alive ping to prevent Azure App Service from killing the process","service":"real-estate-backend","timestamp":"2025-07-29 23:41:31"}
{"level":"info","message":"Keep-alive ping to prevent Azure App Service from killing the process","service":"real-estate-backend","timestamp":"2025-07-29 23:42:01"}
{"level":"info","message":"Keep-alive ping to prevent Azure App Service from killing the process","service":"real-estate-backend","timestamp":"2025-07-29 23:42:31"}
{"level":"info","message":"Keep-alive ping to prevent Azure App Service from killing the process","service":"real-estate-backend","timestamp":"2025-07-29 23:43:01"}
{"level":"info","message":"Keep-alive ping to prevent Azure App Service from killing the process","service":"real-estate-backend","timestamp":"2025-07-29 23:43:31"}
{"level":"info","message":"Keep-alive ping to prevent Azure App Service from killing the process","service":"real-estate-backend","timestamp":"2025-07-29 23:44:01"}
{"level":"info","message":"Keep-alive ping to prevent Azure App Service from killing the process","service":"real-estate-backend","timestamp":"2025-07-29 23:44:31"}
{"level":"info","message":"Keep-alive ping to prevent Azure App Service from killing the process","service":"real-estate-backend","timestamp":"2025-07-29 23:45:01"}
{"level":"info","message":"Keep-alive ping to prevent Azure App Service from killing the process","service":"real-estate-backend","timestamp":"2025-07-29 23:45:31"}
{"level":"info","message":"Keep-alive ping to prevent Azure App Service from killing the process","service":"real-estate-backend","timestamp":"2025-07-29 23:46:01"}
{"level":"info","message":"Keep-alive ping to prevent Azure App Service from killing the process","service":"real-estate-backend","timestamp":"2025-07-29 23:46:31"}
{"level":"info","message":"Keep-alive ping to prevent Azure App Service from killing the process","service":"real-estate-backend","timestamp":"2025-07-29 23:47:01"}
{"level":"info","message":"Keep-alive ping to prevent Azure App Service from killing the process","service":"real-estate-backend","timestamp":"2025-07-29 23:47:31"}
{"level":"info","message":"Keep-alive ping to prevent Azure App Service from killing the process","service":"real-estate-backend","timestamp":"2025-07-29 23:48:01"}
{"level":"info","message":"Keep-alive ping to prevent Azure App Service from killing the process","service":"real-estate-backend","timestamp":"2025-07-29 23:48:31"}
{"level":"info","message":"Keep-alive ping to prevent Azure App Service from killing the process","service":"real-estate-backend","timestamp":"2025-07-29 23:49:01"}
{"level":"info","message":"Keep-alive ping to prevent Azure App Service from killing the process","service":"real-estate-backend","timestamp":"2025-07-29 23:49:31"}
{"level":"info","message":"Keep-alive ping to prevent Azure App Service from killing the process","service":"real-estate-backend","timestamp":"2025-07-29 23:50:01"}
{"level":"info","message":"Keep-alive ping to prevent Azure App Service from killing the process","service":"real-estate-backend","timestamp":"2025-07-29 23:50:31"}
{"level":"info","message":"Keep-alive ping to prevent Azure App Service from killing the process","service":"real-estate-backend","timestamp":"2025-07-29 23:51:01"}
{"level":"info","message":"Keep-alive ping to prevent Azure App Service from killing the process","service":"real-estate-backend","timestamp":"2025-07-29 23:51:31"}
{"level":"info","message":"Keep-alive ping to prevent Azure App Service from killing the process","service":"real-estate-backend","timestamp":"2025-07-29 23:52:01"}
{"level":"info","message":"Keep-alive ping to prevent Azure App Service from killing the process","service":"real-estate-backend","timestamp":"2025-07-29 23:52:31"}
{"level":"info","message":"Keep-alive ping to prevent Azure App Service from killing the process","service":"real-estate-backend","timestamp":"2025-07-29 23:53:01"}
{"level":"info","message":"Keep-alive ping to prevent Azure App Service from killing the process","service":"real-estate-backend","timestamp":"2025-07-29 23:53:31"}
{"level":"info","message":"Keep-alive ping to prevent Azure App Service from killing the process","service":"real-estate-backend","timestamp":"2025-07-29 23:54:01"}
{"level":"info","message":"Keep-alive ping to prevent Azure App Service from killing the process","service":"real-estate-backend","timestamp":"2025-07-29 23:54:31"}
{"level":"info","message":"Keep-alive ping to prevent Azure App Service from killing the process","service":"real-estate-backend","timestamp":"2025-07-29 23:55:01"}
{"level":"info","message":"Keep-alive ping to prevent Azure App Service from killing the process","service":"real-estate-backend","timestamp":"2025-07-29 23:55:31"}
{"level":"info","message":"Keep-alive ping to prevent Azure App Service from killing the process","service":"real-estate-backend","timestamp":"2025-07-29 23:56:01"}
{"level":"info","message":"Keep-alive ping to prevent Azure App Service from killing the process","service":"real-estate-backend","timestamp":"2025-07-29 23:56:31"}
{"level":"info","message":"Keep-alive ping to prevent Azure App Service from killing the process","service":"real-estate-backend","timestamp":"2025-07-29 23:57:01"}
{"level":"info","message":"Keep-alive ping to prevent Azure App Service from killing the process","service":"real-estate-backend","timestamp":"2025-07-29 23:57:31"}
{"level":"info","message":"Keep-alive ping to prevent Azure App Service from killing the process","service":"real-estate-backend","timestamp":"2025-07-29 23:58:01"}
{"level":"info","message":"Keep-alive ping to prevent Azure App Service from killing the process","service":"real-estate-backend","timestamp":"2025-07-29 23:58:31"}
{"level":"info","message":"Keep-alive ping to prevent Azure App Service from killing the process","service":"real-estate-backend","timestamp":"2025-07-29 23:59:01"}
{"level":"info","message":"Keep-alive ping to prevent Azure App Service from killing the process","service":"real-estate-backend","timestamp":"2025-07-29 23:59:31"}
{"level":"info","message":"Keep-alive ping to prevent Azure App Service from killing the process","service":"real-estate-backend","timestamp":"2025-07-30 00:00:01"}
{"level":"info","message":"Keep-alive ping to prevent Azure App Service from killing the process","service":"real-estate-backend","timestamp":"2025-07-30 00:00:31"}
{"level":"info","message":"Keep-alive ping to prevent Azure App Service from killing the process","service":"real-estate-backend","timestamp":"2025-07-30 00:01:01"}
{"level":"info","message":"Keep-alive ping to prevent Azure App Service from killing the process","service":"real-estate-backend","timestamp":"2025-07-30 00:01:31"}
{"level":"info","message":"Keep-alive ping to prevent Azure App Service from killing the process","service":"real-estate-backend","timestamp":"2025-07-30 00:02:01"}
{"level":"info","message":"Keep-alive ping to prevent Azure App Service from killing the process","service":"real-estate-backend","timestamp":"2025-07-30 00:02:31"}
{"level":"info","message":"Keep-alive ping to prevent Azure App Service from killing the process","service":"real-estate-backend","timestamp":"2025-07-30 00:03:01"}
{"level":"info","message":"Keep-alive ping to prevent Azure App Service from killing the process","service":"real-estate-backend","timestamp":"2025-07-30 00:03:31"}
{"level":"info","message":"Keep-alive ping to prevent Azure App Service from killing the process","service":"real-estate-backend","timestamp":"2025-07-30 00:04:01"}
{"level":"info","message":"Keep-alive ping to prevent Azure App Service from killing the process","service":"real-estate-backend","timestamp":"2025-07-30 00:04:31"}
{"level":"info","message":"Keep-alive ping to prevent Azure App Service from killing the process","service":"real-estate-backend","timestamp":"2025-07-30 00:05:01"}
{"level":"info","message":"Keep-alive ping to prevent Azure App Service from killing the process","service":"real-estate-backend","timestamp":"2025-07-30 00:05:31"}
{"level":"info","message":"Keep-alive ping to prevent Azure App Service from killing the process","service":"real-estate-backend","timestamp":"2025-07-30 00:06:01"}
{"level":"info","message":"Keep-alive ping to prevent Azure App Service from killing the process","service":"real-estate-backend","timestamp":"2025-07-30 00:06:31"}
{"level":"info","message":"Keep-alive ping to prevent Azure App Service from killing the process","service":"real-estate-backend","timestamp":"2025-07-30 00:07:01"}
{"level":"info","message":"Keep-alive ping to prevent Azure App Service from killing the process","service":"real-estate-backend","timestamp":"2025-07-30 00:07:31"}
{"level":"info","message":"Keep-alive ping to prevent Azure App Service from killing the process","service":"real-estate-backend","timestamp":"2025-07-30 00:08:01"}
{"level":"info","message":"Keep-alive ping to prevent Azure App Service from killing the process","service":"real-estate-backend","timestamp":"2025-07-30 00:08:31"}
{"level":"info","message":"Keep-alive ping to prevent Azure App Service from killing the process","service":"real-estate-backend","timestamp":"2025-07-30 00:09:01"}
{"level":"info","message":"Keep-alive ping to prevent Azure App Service from killing the process","service":"real-estate-backend","timestamp":"2025-07-30 00:09:31"}
{"level":"info","message":"Keep-alive ping to prevent Azure App Service from killing the process","service":"real-estate-backend","timestamp":"2025-07-30 00:10:01"}
{"level":"info","message":"Keep-alive ping to prevent Azure App Service from killing the process","service":"real-estate-backend","timestamp":"2025-07-30 00:10:31"}
{"level":"info","message":"Keep-alive ping to prevent Azure App Service from killing the process","service":"real-estate-backend","timestamp":"2025-07-30 00:11:01"}
{"level":"info","message":"Keep-alive ping to prevent Azure App Service from killing the process","service":"real-estate-backend","timestamp":"2025-07-30 00:11:31"}
{"level":"info","message":"Keep-alive ping to prevent Azure App Service from killing the process","service":"real-estate-backend","timestamp":"2025-07-30 00:12:01"}
{"level":"info","message":"Keep-alive ping to prevent Azure App Service from killing the process","service":"real-estate-backend","timestamp":"2025-07-30 00:12:31"}
{"level":"info","message":"Keep-alive ping to prevent Azure App Service from killing the process","service":"real-estate-backend","timestamp":"2025-07-30 00:13:02"}
{"level":"info","message":"Keep-alive ping to prevent Azure App Service from killing the process","service":"real-estate-backend","timestamp":"2025-07-30 00:13:32"}
{"level":"info","message":"Keep-alive ping to prevent Azure App Service from killing the process","service":"real-estate-backend","timestamp":"2025-07-30 00:14:02"}
{"level":"info","message":"Keep-alive ping to prevent Azure App Service from killing the process","service":"real-estate-backend","timestamp":"2025-07-30 00:14:32"}
